<?xml version="1.0" encoding="UTF-8"?>
<!-- Generated by org.testng.reporters.JUnitReportReporter -->
<testsuite hostname="AjithL" name="loginpage.LoginPage" tests="4" failures="0" timestamp="27 Feb 2021 10:24:00 GMT" time="82.877" errors="0">
  <testcase name="logindata" time="18.869" classname="loginpage.LoginPage"/>
  <testcase name="logindata" time="16.850" classname="loginpage.LoginPage"/>
  <testcase name="logindata" time="16.927" classname="loginpage.LoginPage"/>
  <testcase name="logindata" time="30.231" classname="loginpage.LoginPage"/>
</testsuite> <!-- loginpage.LoginPage -->
